2025-07-24 11:22:47 INFO  [CalendarApplication] - Starting CalendarApplication using Java 21.0.7 with PID 10096 (D:\kmh\spring_boot\pjt_intellij\calendar\calendar\build\classes\java\main started by C200 in D:\kmh\spring_boot\pjt_intellij\calendar)
2025-07-24 11:22:47 INFO  [CalendarApplication] - No active profile set, falling back to 1 default profile: "default"
2025-07-24 11:22:50 INFO  [CalendarApplication] - Started CalendarApplication in 3.618 seconds (process running for 4.655)
2025-07-24 11:22:58 INFO  [HomeController] - INFO: home()
2025-07-24 12:22:33 INFO  [CalendarApplication] - Starting CalendarApplication using Java 21.0.7 with PID 7572 (D:\kmh\spring_boot\pjt_intellij\calendar\calendar\build\classes\java\main started by C200 in D:\kmh\spring_boot\pjt_intellij\calendar)
2025-07-24 12:22:33 INFO  [CalendarApplication] - No active profile set, falling back to 1 default profile: "default"
2025-07-24 12:35:40 INFO  [CalendarApplication] - Starting CalendarApplication using Java 21.0.7 with PID 6264 (D:\kmh\spring_boot\pjt_intellij\calendar\calendar\build\classes\java\main started by C200 in D:\kmh\spring_boot\pjt_intellij\calendar)
2025-07-24 12:35:40 INFO  [CalendarApplication] - No active profile set, falling back to 1 default profile: "default"
2025-07-24 12:35:43 INFO  [CalendarApplication] - Started CalendarApplication in 3.78 seconds (process running for 4.79)
2025-07-24 12:37:57 INFO  [CalendarApplication] - Starting CalendarApplication using Java 21.0.7 with PID 8636 (D:\kmh\spring_boot\pjt_intellij\calendar\calendar\build\classes\java\main started by C200 in D:\kmh\spring_boot\pjt_intellij\calendar)
2025-07-24 12:37:57 INFO  [CalendarApplication] - No active profile set, falling back to 1 default profile: "default"
2025-07-24 12:38:00 INFO  [CalendarApplication] - Started CalendarApplication in 3.826 seconds (process running for 4.835)
2025-07-24 12:38:10 INFO  [HomeController] - INFO: home()
2025-07-24 13:02:23 INFO  [CalendarApplication] - Starting CalendarApplication using Java 21.0.7 with PID 16176 (D:\kmh\spring_boot\pjt_intellij\calendar\calendar\build\classes\java\main started by C200 in D:\kmh\spring_boot\pjt_intellij\calendar)
2025-07-24 13:02:23 INFO  [CalendarApplication] - No active profile set, falling back to 1 default profile: "default"
2025-07-24 13:02:26 INFO  [CalendarApplication] - Started CalendarApplication in 3.804 seconds (process running for 4.821)
2025-07-24 13:39:26 INFO  [CalendarApplication] - Starting CalendarApplication using Java 21.0.7 with PID 8272 (D:\kmh\spring_boot\pjt_intellij\calendar\calendar\build\classes\java\main started by C200 in D:\kmh\spring_boot\pjt_intellij\calendar)
2025-07-24 13:39:26 INFO  [CalendarApplication] - No active profile set, falling back to 1 default profile: "default"
2025-07-24 13:39:29 INFO  [CalendarApplication] - Started CalendarApplication in 3.761 seconds (process running for 4.798)
2025-07-24 13:39:42 INFO  [HomeController] - INFO: home()
2025-07-24 13:47:14 INFO  [CalendarApplication] - Starting CalendarApplication using Java 21.0.7 with PID 7124 (D:\kmh\spring_boot\pjt_intellij\calendar\calendar\build\classes\java\main started by C200 in D:\kmh\spring_boot\pjt_intellij\calendar)
2025-07-24 13:47:14 INFO  [CalendarApplication] - No active profile set, falling back to 1 default profile: "default"
2025-07-24 13:47:17 INFO  [CalendarApplication] - Started CalendarApplication in 3.757 seconds (process running for 4.749)
2025-07-24 13:47:28 INFO  [HomeController] - INFO: home()
2025-07-24 13:52:44 INFO  [CalendarApplication] - Starting CalendarApplication using Java 21.0.7 with PID 3312 (D:\kmh\spring_boot\pjt_intellij\calendar\calendar\build\classes\java\main started by C200 in D:\kmh\spring_boot\pjt_intellij\calendar)
2025-07-24 13:52:44 INFO  [CalendarApplication] - No active profile set, falling back to 1 default profile: "default"
2025-07-24 13:52:47 INFO  [CalendarApplication] - Started CalendarApplication in 3.798 seconds (process running for 5.06)
2025-07-24 13:52:58 INFO  [HomeController] - INFO: home()
2025-07-24 13:58:58 INFO  [CalendarApplication] - Starting CalendarApplication using Java 21.0.7 with PID 12092 (D:\kmh\spring_boot\pjt_intellij\calendar\calendar\build\classes\java\main started by C200 in D:\kmh\spring_boot\pjt_intellij\calendar)
2025-07-24 13:58:58 INFO  [CalendarApplication] - No active profile set, falling back to 1 default profile: "default"
2025-07-24 13:59:01 INFO  [CalendarApplication] - Started CalendarApplication in 4.092 seconds (process running for 5.457)
2025-07-24 13:59:07 INFO  [HomeController] - INFO: home()
2025-07-24 14:05:40 INFO  [CalendarApplication] - Starting CalendarApplication using Java 21.0.7 with PID 7032 (D:\kmh\spring_boot\pjt_intellij\calendar\calendar\build\classes\java\main started by C200 in D:\kmh\spring_boot\pjt_intellij\calendar)
2025-07-24 14:05:40 INFO  [CalendarApplication] - No active profile set, falling back to 1 default profile: "default"
2025-07-24 14:05:44 INFO  [CalendarApplication] - Started CalendarApplication in 4.96 seconds (process running for 5.98)
2025-07-24 14:05:47 INFO  [HomeController] - INFO: home()
2025-07-24 14:13:14 INFO  [CalendarApplication] - Starting CalendarApplication using Java 21.0.7 with PID 7404 (D:\kmh\spring_boot\pjt_intellij\calendar\calendar\build\classes\java\main started by C200 in D:\kmh\spring_boot\pjt_intellij\calendar)
2025-07-24 14:13:14 INFO  [CalendarApplication] - No active profile set, falling back to 1 default profile: "default"
2025-07-24 14:13:18 INFO  [CalendarApplication] - Started CalendarApplication in 4.482 seconds (process running for 5.482)
2025-07-24 14:13:20 INFO  [HomeController] - INFO: home()
2025-07-24 16:08:18 INFO  [CalendarApplication] - Starting CalendarApplication using Java 21.0.7 with PID 9960 (D:\kmh\spring_boot\pjt_intellij\calendar\calendar\build\classes\java\main started by C200 in D:\kmh\spring_boot\pjt_intellij\calendar)
2025-07-24 16:08:18 INFO  [CalendarApplication] - No active profile set, falling back to 1 default profile: "default"
2025-07-24 16:09:25 INFO  [CalendarApplication] - Starting CalendarApplication using Java 21.0.7 with PID 1200 (D:\kmh\spring_boot\pjt_intellij\calendar\calendar\build\classes\java\main started by C200 in D:\kmh\spring_boot\pjt_intellij\calendar)
2025-07-24 16:09:25 INFO  [CalendarApplication] - No active profile set, falling back to 1 default profile: "default"
2025-07-24 16:09:31 INFO  [CalendarApplication] - Started CalendarApplication in 6.733 seconds (process running for 7.844)
2025-07-24 16:10:26 INFO  [HomeController] - INFO: home()
2025-07-24 16:10:43 INFO  [MemberService] - isMember: true
2025-07-24 16:19:38 INFO  [CalendarApplication] - Starting CalendarApplication using Java 21.0.7 with PID 16964 (D:\kmh\spring_boot\pjt_intellij\calendar\calendar\build\classes\java\main started by C200 in D:\kmh\spring_boot\pjt_intellij\calendar)
2025-07-24 16:19:38 INFO  [CalendarApplication] - No active profile set, falling back to 1 default profile: "default"
2025-07-24 16:19:44 INFO  [CalendarApplication] - Started CalendarApplication in 7.08 seconds (process running for 8.212)
2025-07-24 16:19:47 INFO  [HomeController] - INFO: home()
2025-07-24 17:30:14 INFO  [CalendarApplication] - Starting CalendarApplication using Java 21.0.7 with PID 4076 (D:\kmh\spring_boot\pjt_intellij\calendar\calendar\build\classes\java\main started by C200 in D:\kmh\spring_boot\pjt_intellij\calendar)
2025-07-24 17:30:14 INFO  [CalendarApplication] - No active profile set, falling back to 1 default profile: "default"
2025-07-24 17:30:24 INFO  [CalendarApplication] - Started CalendarApplication in 10.73 seconds (process running for 12.022)
2025-07-24 17:30:24 INFO  [HomeController] - INFO: home()
2025-07-24 17:31:11 INFO  [MemberService] - MEMBER LOGIN SUCCESS!!
2025-07-24 17:31:22 INFO  [HomeController] - INFO: home()
2025-07-24 17:32:17 INFO  [MemberService] - MEMBER LOGIN SUCCESS!!
2025-07-24 17:32:19 INFO  [HomeController] - INFO: home()
2025-07-24 17:32:26 INFO  [HomeController] - INFO: home()
2025-07-24 17:32:31 INFO  [MemberService] - MEMBER LOGIN SUCCESS!!
2025-07-24 17:32:33 INFO  [HomeController] - INFO: home()
2025-07-25 10:39:28 INFO  [CalendarApplication] - Starting CalendarApplication using Java 21.0.7 with PID 7872 (D:\kmh\spring_boot\pjt_intellij\calendar\calendar\build\classes\java\main started by C200 in D:\kmh\spring_boot\pjt_intellij\calendar)
2025-07-25 10:39:28 INFO  [CalendarApplication] - No active profile set, falling back to 1 default profile: "default"
2025-07-25 10:39:35 INFO  [CalendarApplication] - Started CalendarApplication in 8.177 seconds (process running for 9.352)
2025-07-25 10:42:42 INFO  [CalendarApplication] - Starting CalendarApplication using Java 21.0.7 with PID 5436 (D:\kmh\spring_boot\pjt_intellij\calendar\calendar\build\classes\java\main started by C200 in D:\kmh\spring_boot\pjt_intellij\calendar)
2025-07-25 10:42:42 INFO  [CalendarApplication] - No active profile set, falling back to 1 default profile: "default"
2025-07-25 10:42:48 INFO  [CalendarApplication] - Started CalendarApplication in 6.657 seconds (process running for 8.041)
2025-07-25 10:47:53 INFO  [CalendarApplication] - Starting CalendarApplication using Java 21.0.7 with PID 6560 (D:\kmh\spring_boot\pjt_intellij\calendar\calendar\build\classes\java\main started by C200 in D:\kmh\spring_boot\pjt_intellij\calendar)
2025-07-25 10:47:53 INFO  [CalendarApplication] - No active profile set, falling back to 1 default profile: "default"
2025-07-25 10:47:59 INFO  [CalendarApplication] - Started CalendarApplication in 7.449 seconds (process running for 8.497)
2025-07-25 10:49:20 INFO  [CalendarApplication] - Starting CalendarApplication using Java 21.0.7 with PID 12400 (D:\kmh\spring_boot\pjt_intellij\calendar\calendar\build\classes\java\main started by C200 in D:\kmh\spring_boot\pjt_intellij\calendar)
2025-07-25 10:49:20 INFO  [CalendarApplication] - No active profile set, falling back to 1 default profile: "default"
2025-07-25 10:49:26 INFO  [CalendarApplication] - Started CalendarApplication in 6.691 seconds (process running for 7.743)
2025-07-28 11:52:02 INFO  [CalendarApplication] - Starting CalendarApplication using Java 21.0.7 with PID 11784 (D:\kmh\spring_boot\pjt_intellij\calendar\calendar\build\classes\java\main started by C200 in D:\kmh\spring_boot\pjt_intellij\calendar)
2025-07-28 11:52:02 INFO  [CalendarApplication] - No active profile set, falling back to 1 default profile: "default"
2025-07-28 11:52:10 INFO  [CalendarApplication] - Started CalendarApplication in 8.57 seconds (process running for 9.737)
2025-07-28 11:54:45 INFO  [HomeController] - INFO: home()
2025-07-28 11:57:14 INFO  [MemberDetailsService] - loadUserByUsername()
2025-07-28 11:57:15 INFO  [SecurityConfig] - signin successHandler()
2025-07-28 11:57:15 INFO  [MemberController] - signinResult()
2025-07-28 12:04:57 INFO  [CalendarApplication] - Starting CalendarApplication using Java 21.0.7 with PID 4772 (D:\kmh\spring_boot\pjt_intellij\calendar\calendar\build\classes\java\main started by C200 in D:\kmh\spring_boot\pjt_intellij\calendar)
2025-07-28 12:04:57 INFO  [CalendarApplication] - No active profile set, falling back to 1 default profile: "default"
2025-07-28 12:05:04 INFO  [CalendarApplication] - Started CalendarApplication in 7.817 seconds (process running for 8.913)
2025-07-28 12:06:08 INFO  [MemberDetailsService] - loadUserByUsername()
2025-07-28 12:06:08 INFO  [SecurityConfig] - signin failureHandler()
2025-07-28 12:06:20 INFO  [MemberDetailsService] - loadUserByUsername()
2025-07-28 12:06:20 INFO  [SecurityConfig] - signin failureHandler()
2025-07-28 12:06:33 INFO  [MemberDetailsService] - loadUserByUsername()
2025-07-28 12:06:33 INFO  [SecurityConfig] - signin successHandler()
2025-07-28 12:06:33 INFO  [MemberController] - signinResult()
2025-07-28 12:07:00 INFO  [SecurityConfig] - signout logoutSuccessHandler()
2025-07-28 12:07:00 INFO  [HomeController] - INFO: home()
2025-07-28 12:07:30 INFO  [MemberDetailsService] - loadUserByUsername()
2025-07-28 12:07:30 INFO  [SecurityConfig] - signin failureHandler()
2025-07-28 12:15:01 INFO  [CalendarApplication] - Starting CalendarApplication using Java 21.0.7 with PID 7184 (D:\kmh\spring_boot\pjt_intellij\calendar\calendar\build\classes\java\main started by C200 in D:\kmh\spring_boot\pjt_intellij\calendar)
2025-07-28 12:15:01 INFO  [CalendarApplication] - No active profile set, falling back to 1 default profile: "default"
2025-07-28 12:15:09 INFO  [CalendarApplication] - Started CalendarApplication in 8.374 seconds (process running for 9.458)
2025-07-28 12:15:09 INFO  [HomeController] - INFO: home()
2025-07-28 12:15:27 INFO  [MemberDetailsService] - loadUserByUsername()
2025-07-28 12:15:27 INFO  [SecurityConfig] - signin failureHandler()
2025-07-28 12:15:27 INFO  [MemberController] - signinResult()
2025-07-28 14:54:33 INFO  [CalendarApplication] - Starting CalendarApplication using Java 21.0.7 with PID 7484 (D:\kmh\spring_boot\pjt_intellij\calendar\calendar\build\classes\java\main started by C200 in D:\kmh\spring_boot\pjt_intellij\calendar)
2025-07-28 14:54:33 INFO  [CalendarApplication] - No active profile set, falling back to 1 default profile: "default"
2025-07-28 14:54:41 INFO  [CalendarApplication] - Started CalendarApplication in 8.143 seconds (process running for 9.246)
2025-07-28 14:54:54 INFO  [HomeController] - INFO: home()
2025-07-30 11:21:28 INFO  [CalendarApplication] - Starting CalendarApplication using Java 21.0.7 with PID 9692 (D:\kmh\spring_boot\pjt_intellij\calendar\calendar\build\classes\java\main started by C200 in D:\kmh\spring_boot\pjt_intellij\calendar)
2025-07-30 11:21:28 INFO  [CalendarApplication] - No active profile set, falling back to 1 default profile: "default"
2025-07-30 11:21:34 INFO  [CalendarApplication] - Started CalendarApplication in 6.963 seconds (process running for 8.034)
2025-07-30 11:21:43 INFO  [HomeController] - INFO: home()
2025-07-31 09:38:43 INFO  [CalendarApplication] - Starting CalendarApplication using Java 21.0.7 with PID 2668 (D:\kmh\spring_boot\pjt_intellij\calendar\calendar\build\classes\java\main started by C200 in D:\kmh\spring_boot\pjt_intellij\calendar)
2025-07-31 09:38:43 INFO  [CalendarApplication] - No active profile set, falling back to 1 default profile: "default"
2025-07-31 09:38:50 INFO  [CalendarApplication] - Started CalendarApplication in 7.233 seconds (process running for 8.515)
2025-07-31 09:39:05 INFO  [HomeController] - INFO: home()
2025-07-31 09:39:30 INFO  [MemberDetailsService] - loadUserByUsername()
2025-07-31 09:39:30 INFO  [SecurityConfig] - signin successHandler()
2025-07-31 09:39:30 INFO  [MemberController] - signinResult()
2025-07-31 09:39:43 INFO  [HomeController] - INFO: home()
2025-07-31 09:39:52 INFO  [MemberDetailsService] - loadUserByUsername()
2025-07-31 09:39:52 INFO  [SecurityConfig] - signin successHandler()
2025-07-31 09:39:52 INFO  [MemberController] - signinResult()
2025-07-31 09:39:57 INFO  [SecurityConfig] - signout logoutSuccessHandler()
2025-07-31 09:39:57 INFO  [HomeController] - INFO: home()
2025-07-31 09:40:04 INFO  [MemberDetailsService] - loadUserByUsername()
2025-07-31 09:40:04 INFO  [SecurityConfig] - signin successHandler()
2025-07-31 09:40:04 INFO  [MemberController] - signinResult()
2025-07-31 09:40:42 INFO  [MemberDetailsService] - loadUserByUsername()
2025-07-31 09:40:42 INFO  [SecurityConfig] - signin successHandler()
2025-07-31 09:40:42 INFO  [MemberController] - signinResult()
2025-07-31 09:50:41 INFO  [CalendarApplication] - Starting CalendarApplication using Java 21.0.7 with PID 14968 (D:\kmh\spring_boot\pjt_intellij\calendar\calendar\build\classes\java\main started by C200 in D:\kmh\spring_boot\pjt_intellij\calendar)
2025-07-31 09:50:41 INFO  [CalendarApplication] - No active profile set, falling back to 1 default profile: "default"
2025-07-31 09:50:48 INFO  [CalendarApplication] - Started CalendarApplication in 8.33 seconds (process running for 9.457)
2025-07-31 09:51:10 INFO  [HomeController] - INFO: home()
2025-07-31 09:51:15 INFO  [MemberDetailsService] - loadUserByUsername()
2025-07-31 09:51:15 INFO  [SecurityConfig] - signin successHandler()
2025-07-31 09:51:15 INFO  [MemberController] - signinResult()
2025-07-31 09:51:23 INFO  [SecurityConfig] - signout logoutSuccessHandler()
2025-07-31 09:51:23 INFO  [HomeController] - INFO: home()
2025-07-31 09:51:31 INFO  [MemberDetailsService] - loadUserByUsername()
2025-07-31 09:51:31 INFO  [SecurityConfig] - signin successHandler()
2025-07-31 09:51:31 INFO  [MemberController] - signinResult()
2025-07-31 09:51:35 INFO  [SecurityConfig] - signout logoutSuccessHandler()
2025-07-31 09:51:35 INFO  [HomeController] - INFO: home()
2025-07-31 10:02:52 INFO  [CalendarApplication] - Starting CalendarApplication using Java 21.0.7 with PID 548 (D:\kmh\spring_boot\pjt_intellij\calendar\calendar\build\classes\java\main started by C200 in D:\kmh\spring_boot\pjt_intellij\calendar)
2025-07-31 10:02:52 INFO  [CalendarApplication] - No active profile set, falling back to 1 default profile: "default"
2025-07-31 10:02:59 INFO  [CalendarApplication] - Started CalendarApplication in 7.165 seconds (process running for 8.249)
2025-07-31 10:03:17 INFO  [HomeController] - INFO: home()
2025-07-31 10:03:39 INFO  [MemberDetailsService] - loadUserByUsername()
2025-07-31 10:03:39 INFO  [SecurityConfig] - signin successHandler()
2025-07-31 10:03:39 INFO  [MemberController] - signinResult()
2025-07-31 10:03:45 INFO  [PlannerController] - home()
2025-07-31 10:03:52 INFO  [SecurityConfig] - signout logoutSuccessHandler()
2025-07-31 10:03:52 INFO  [HomeController] - INFO: home()
2025-07-31 10:04:04 INFO  [MemberDetailsService] - loadUserByUsername()
2025-07-31 10:04:04 INFO  [SecurityConfig] - signin successHandler()
2025-07-31 10:04:04 INFO  [MemberController] - signinResult()
2025-07-31 10:04:07 INFO  [PlannerController] - home()
2025-07-31 10:05:20 INFO  [SecurityConfig] - signout logoutSuccessHandler()
2025-07-31 10:05:20 INFO  [HomeController] - INFO: home()
2025-07-31 10:05:44 INFO  [HomeController] - INFO: home()
2025-07-31 10:09:28 INFO  [CalendarApplication] - Starting CalendarApplication using Java 21.0.7 with PID 13884 (D:\kmh\spring_boot\pjt_intellij\calendar\calendar\build\classes\java\main started by C200 in D:\kmh\spring_boot\pjt_intellij\calendar)
2025-07-31 10:09:29 INFO  [CalendarApplication] - No active profile set, falling back to 1 default profile: "default"
2025-07-31 10:09:35 INFO  [CalendarApplication] - Started CalendarApplication in 6.913 seconds (process running for 8.009)
2025-07-31 10:09:39 INFO  [HomeController] - INFO: home()
2025-07-31 10:09:55 INFO  [MemberDetailsService] - loadUserByUsername()
2025-07-31 10:09:55 INFO  [SecurityConfig] - signin successHandler()
2025-07-31 10:09:55 INFO  [MemberController] - signinResult()
2025-07-31 10:10:10 INFO  [SecurityConfig] - signout logoutSuccessHandler()
2025-07-31 10:10:10 INFO  [HomeController] - INFO: home()
2025-07-31 10:10:19 INFO  [MemberDetailsService] - loadUserByUsername()
2025-07-31 10:10:19 INFO  [SecurityConfig] - signin successHandler()
2025-07-31 10:10:19 INFO  [MemberController] - signinResult()
2025-07-31 10:10:29 INFO  [PlannerController] - home()
2025-07-31 10:30:25 INFO  [CalendarApplication] - Starting CalendarApplication using Java 21.0.7 with PID 1864 (D:\kmh\spring_boot\pjt_intellij\calendar\calendar\build\classes\java\main started by C200 in D:\kmh\spring_boot\pjt_intellij\calendar)
2025-07-31 10:30:25 INFO  [CalendarApplication] - No active profile set, falling back to 1 default profile: "default"
2025-07-31 10:30:31 INFO  [CalendarApplication] - Started CalendarApplication in 7.343 seconds (process running for 8.422)
2025-07-31 10:30:37 INFO  [HomeController] - INFO: home()
2025-07-31 10:30:58 INFO  [MemberDetailsService] - loadUserByUsername()
2025-07-31 10:30:59 INFO  [SecurityConfig] - signin successHandler()
2025-07-31 10:30:59 INFO  [MemberController] - signinResult()
2025-07-31 10:38:12 INFO  [CalendarApplication] - Starting CalendarApplication using Java 21.0.7 with PID 12644 (D:\kmh\spring_boot\pjt_intellij\calendar\calendar\build\classes\java\main started by C200 in D:\kmh\spring_boot\pjt_intellij\calendar)
2025-07-31 10:38:12 INFO  [CalendarApplication] - No active profile set, falling back to 1 default profile: "default"
2025-07-31 10:38:18 INFO  [CalendarApplication] - Started CalendarApplication in 7.206 seconds (process running for 8.287)
2025-07-31 10:38:28 INFO  [HomeController] - INFO: home()
2025-07-31 10:38:35 INFO  [MemberDetailsService] - loadUserByUsername()
2025-07-31 10:38:35 INFO  [SecurityConfig] - signin successHandler()
2025-07-31 10:38:35 INFO  [MemberController] - signinResult()
2025-07-31 10:38:48 INFO  [MemberAccessDeniedHandler] - handle()
2025-07-31 10:41:52 INFO  [CalendarApplication] - Starting CalendarApplication using Java 21.0.7 with PID 8008 (D:\kmh\spring_boot\pjt_intellij\calendar\calendar\build\classes\java\main started by C200 in D:\kmh\spring_boot\pjt_intellij\calendar)
2025-07-31 10:41:52 INFO  [CalendarApplication] - No active profile set, falling back to 1 default profile: "default"
2025-07-31 10:41:59 INFO  [CalendarApplication] - Started CalendarApplication in 7.105 seconds (process running for 8.201)
2025-07-31 10:42:05 INFO  [HomeController] - INFO: home()
2025-07-31 10:42:22 INFO  [MemberDetailsService] - loadUserByUsername()
2025-07-31 10:42:22 INFO  [SecurityConfig] - signin successHandler()
2025-07-31 10:42:22 INFO  [MemberController] - signinResult()
2025-07-31 10:42:27 INFO  [MemberAccessDeniedHandler] - handle()
2025-07-31 10:42:27 INFO  [MemberController] - accessDenied()
2025-07-31 10:45:34 INFO  [CalendarApplication] - Starting CalendarApplication using Java 21.0.7 with PID 11668 (D:\kmh\spring_boot\pjt_intellij\calendar\calendar\build\classes\java\main started by C200 in D:\kmh\spring_boot\pjt_intellij\calendar)
2025-07-31 10:45:34 INFO  [CalendarApplication] - No active profile set, falling back to 1 default profile: "default"
2025-07-31 10:45:41 INFO  [CalendarApplication] - Started CalendarApplication in 7.237 seconds (process running for 8.288)
2025-07-31 10:45:44 INFO  [HomeController] - INFO: home()
2025-07-31 10:45:52 INFO  [MemberDetailsService] - loadUserByUsername()
2025-07-31 10:45:52 INFO  [SecurityConfig] - signin successHandler()
2025-07-31 10:45:52 INFO  [MemberController] - signinResult()
2025-07-31 10:45:55 INFO  [MemberAccessDeniedHandler] - handle()
2025-07-31 10:45:55 INFO  [MemberController] - accessDenied()
2025-07-31 10:46:06 INFO  [SecurityConfig] - signout logoutSuccessHandler()
2025-07-31 10:46:06 INFO  [HomeController] - INFO: home()
2025-07-31 10:46:17 INFO  [MemberDetailsService] - loadUserByUsername()
2025-07-31 10:46:17 INFO  [SecurityConfig] - signin successHandler()
2025-07-31 10:46:17 INFO  [MemberController] - signinResult()
2025-07-31 10:46:19 INFO  [PlannerController] - home()
2025-07-31 10:58:04 INFO  [CalendarApplication] - Starting CalendarApplication using Java 21.0.7 with PID 13664 (D:\kmh\spring_boot\pjt_intellij\calendar\calendar\build\classes\java\main started by C200 in D:\kmh\spring_boot\pjt_intellij\calendar)
2025-07-31 10:58:04 INFO  [CalendarApplication] - No active profile set, falling back to 1 default profile: "default"
2025-07-31 10:58:10 INFO  [CalendarApplication] - Started CalendarApplication in 7.371 seconds (process running for 8.45)
2025-07-31 10:58:13 INFO  [HomeController] - INFO: home()
2025-07-31 10:58:18 INFO  [MemberDetailsService] - loadUserByUsername()
2025-07-31 10:58:18 INFO  [SecurityConfig] - signin successHandler()
2025-07-31 10:58:18 INFO  [MemberController] - signinResult()
2025-07-31 10:58:20 INFO  [PlannerController] - home()
2025-07-31 10:58:48 INFO  [HomeController] - INFO: home()
2025-07-31 10:58:52 INFO  [PlannerController] - home()
2025-07-31 11:01:54 INFO  [CalendarApplication] - Starting CalendarApplication using Java 21.0.7 with PID 3676 (D:\kmh\spring_boot\pjt_intellij\calendar\calendar\build\classes\java\main started by C200 in D:\kmh\spring_boot\pjt_intellij\calendar)
2025-07-31 11:01:54 INFO  [CalendarApplication] - No active profile set, falling back to 1 default profile: "default"
2025-07-31 11:02:01 INFO  [CalendarApplication] - Started CalendarApplication in 7.458 seconds (process running for 8.548)
2025-07-31 11:02:01 INFO  [HomeController] - INFO: home()
2025-07-31 11:02:06 INFO  [MemberDetailsService] - loadUserByUsername()
2025-07-31 11:02:06 INFO  [SecurityConfig] - signin successHandler()
2025-07-31 11:02:06 INFO  [MemberController] - signinResult()
2025-07-31 11:02:08 INFO  [PlannerController] - home()
2025-07-31 11:03:11 INFO  [CalendarApplication] - Starting CalendarApplication using Java 21.0.7 with PID 13856 (D:\kmh\spring_boot\pjt_intellij\calendar\calendar\build\classes\java\main started by C200 in D:\kmh\spring_boot\pjt_intellij\calendar)
2025-07-31 11:03:11 INFO  [CalendarApplication] - No active profile set, falling back to 1 default profile: "default"
2025-07-31 11:03:18 INFO  [CalendarApplication] - Started CalendarApplication in 7.392 seconds (process running for 8.602)
2025-07-31 11:03:19 INFO  [HomeController] - INFO: home()
2025-07-31 11:03:34 INFO  [MemberDetailsService] - loadUserByUsername()
2025-07-31 11:03:34 INFO  [SecurityConfig] - signin successHandler()
2025-07-31 11:03:34 INFO  [MemberController] - signinResult()
2025-07-31 11:03:36 INFO  [PlannerController] - home()
2025-07-31 11:08:25 INFO  [CalendarApplication] - Starting CalendarApplication using Java 21.0.7 with PID 7392 (D:\kmh\spring_boot\pjt_intellij\calendar\calendar\build\classes\java\main started by C200 in D:\kmh\spring_boot\pjt_intellij\calendar)
2025-07-31 11:08:25 INFO  [CalendarApplication] - No active profile set, falling back to 1 default profile: "default"
2025-07-31 11:08:32 INFO  [CalendarApplication] - Started CalendarApplication in 7.852 seconds (process running for 8.971)
2025-07-31 11:08:32 INFO  [HomeController] - INFO: home()
2025-07-31 11:08:37 INFO  [MemberDetailsService] - loadUserByUsername()
2025-07-31 11:08:38 INFO  [SecurityConfig] - signin successHandler()
2025-07-31 11:08:38 INFO  [MemberController] - signinResult()
2025-07-31 11:08:40 INFO  [PlannerController] - home()
2025-07-31 11:21:47 INFO  [CalendarApplication] - Starting CalendarApplication using Java 21.0.7 with PID 11296 (D:\kmh\spring_boot\pjt_intellij\calendar\calendar\build\classes\java\main started by C200 in D:\kmh\spring_boot\pjt_intellij\calendar)
2025-07-31 11:21:47 INFO  [CalendarApplication] - No active profile set, falling back to 1 default profile: "default"
2025-07-31 11:21:53 INFO  [CalendarApplication] - Started CalendarApplication in 7.194 seconds (process running for 8.302)
2025-07-31 11:21:55 INFO  [HomeController] - INFO: home()
2025-07-31 11:22:00 INFO  [MemberDetailsService] - loadUserByUsername()
2025-07-31 11:22:00 INFO  [SecurityConfig] - signin successHandler()
2025-07-31 11:22:00 INFO  [MemberController] - signinResult()
2025-07-31 11:22:02 INFO  [PlannerController] - home()
2025-07-31 11:35:26 INFO  [CalendarApplication] - Starting CalendarApplication using Java 21.0.7 with PID 12040 (D:\kmh\spring_boot\pjt_intellij\calendar\calendar\build\classes\java\main started by C200 in D:\kmh\spring_boot\pjt_intellij\calendar)
2025-07-31 11:35:26 INFO  [CalendarApplication] - No active profile set, falling back to 1 default profile: "default"
2025-07-31 11:35:33 INFO  [CalendarApplication] - Started CalendarApplication in 7.428 seconds (process running for 8.503)
2025-07-31 11:35:38 INFO  [HomeController] - INFO: home()
2025-07-31 11:35:43 INFO  [MemberDetailsService] - loadUserByUsername()
2025-07-31 11:35:43 INFO  [SecurityConfig] - signin successHandler()
2025-07-31 11:35:44 INFO  [MemberController] - signinResult()
2025-07-31 11:35:50 INFO  [PlannerController] - home()
2025-07-31 11:45:14 INFO  [CalendarApplication] - Starting CalendarApplication using Java 21.0.7 with PID 12484 (D:\kmh\spring_boot\pjt_intellij\calendar\calendar\build\classes\java\main started by C200 in D:\kmh\spring_boot\pjt_intellij\calendar)
2025-07-31 11:45:14 INFO  [CalendarApplication] - No active profile set, falling back to 1 default profile: "default"
2025-07-31 11:45:21 INFO  [CalendarApplication] - Started CalendarApplication in 7.114 seconds (process running for 8.207)
2025-07-31 11:45:24 INFO  [HomeController] - INFO: home()
2025-07-31 11:45:29 INFO  [MemberDetailsService] - loadUserByUsername()
2025-07-31 11:45:29 INFO  [SecurityConfig] - signin successHandler()
2025-07-31 11:45:29 INFO  [MemberController] - signinResult()
2025-07-31 11:45:31 INFO  [PlannerController] - home()
2025-07-31 11:50:47 INFO  [CalendarApplication] - Starting CalendarApplication using Java 21.0.7 with PID 13680 (D:\kmh\spring_boot\pjt_intellij\calendar\calendar\build\classes\java\main started by C200 in D:\kmh\spring_boot\pjt_intellij\calendar)
2025-07-31 11:50:47 INFO  [CalendarApplication] - No active profile set, falling back to 1 default profile: "default"
2025-07-31 11:50:53 INFO  [CalendarApplication] - Started CalendarApplication in 7.091 seconds (process running for 8.198)
2025-07-31 11:50:56 INFO  [HomeController] - INFO: home()
2025-07-31 11:51:01 INFO  [MemberDetailsService] - loadUserByUsername()
2025-07-31 11:51:01 INFO  [SecurityConfig] - signin successHandler()
2025-07-31 11:51:01 INFO  [MemberController] - signinResult()
2025-07-31 11:51:05 INFO  [PlannerController] - home()
2025-07-31 11:55:02 INFO  [CalendarApplication] - Starting CalendarApplication using Java 21.0.7 with PID 13116 (D:\kmh\spring_boot\pjt_intellij\calendar\calendar\build\classes\java\main started by C200 in D:\kmh\spring_boot\pjt_intellij\calendar)
2025-07-31 11:55:02 INFO  [CalendarApplication] - No active profile set, falling back to 1 default profile: "default"
2025-07-31 11:55:09 INFO  [CalendarApplication] - Started CalendarApplication in 7.362 seconds (process running for 8.554)
2025-07-31 11:55:16 INFO  [HomeController] - INFO: home()
2025-07-31 11:55:22 INFO  [MemberDetailsService] - loadUserByUsername()
2025-07-31 11:55:22 INFO  [SecurityConfig] - signin successHandler()
2025-07-31 11:55:22 INFO  [MemberController] - signinResult()
2025-07-31 11:55:24 INFO  [PlannerController] - home()
2025-07-31 12:18:04 INFO  [CalendarApplication] - Starting CalendarApplication using Java 21.0.7 with PID 11424 (D:\kmh\spring_boot\pjt_intellij\calendar\calendar\build\classes\java\main started by C200 in D:\kmh\spring_boot\pjt_intellij\calendar)
2025-07-31 12:18:04 INFO  [CalendarApplication] - No active profile set, falling back to 1 default profile: "default"
2025-07-31 12:18:11 INFO  [CalendarApplication] - Started CalendarApplication in 7.587 seconds (process running for 8.752)
2025-07-31 12:18:20 INFO  [HomeController] - INFO: home()
2025-07-31 12:18:25 INFO  [HomeController] - INFO: home()
2025-07-31 12:18:32 INFO  [MemberDetailsService] - loadUserByUsername()
2025-07-31 12:18:32 INFO  [SecurityConfig] - signin successHandler()
2025-07-31 12:18:32 INFO  [MemberController] - signinResult()
2025-07-31 12:18:34 INFO  [PlannerController] - home()
2025-07-31 13:44:57 INFO  [CalendarApplication] - Starting CalendarApplication using Java 21.0.7 with PID 11788 (D:\kmh\spring_boot\pjt_intellij\calendar\calendar\build\classes\java\main started by C200 in D:\kmh\spring_boot\pjt_intellij\calendar)
2025-07-31 13:44:57 INFO  [CalendarApplication] - No active profile set, falling back to 1 default profile: "default"
2025-07-31 13:45:04 INFO  [CalendarApplication] - Started CalendarApplication in 7.272 seconds (process running for 8.36)
2025-07-31 13:45:10 INFO  [HomeController] - INFO: home()
2025-07-31 13:45:16 INFO  [MemberDetailsService] - loadUserByUsername()
2025-07-31 13:45:16 INFO  [SecurityConfig] - signin successHandler()
2025-07-31 13:45:16 INFO  [MemberController] - signinResult()
2025-07-31 13:45:18 INFO  [PlannerController] - home()
2025-07-31 13:49:46 INFO  [CalendarApplication] - Starting CalendarApplication using Java 21.0.7 with PID 9288 (D:\kmh\spring_boot\pjt_intellij\calendar\calendar\build\classes\java\main started by C200 in D:\kmh\spring_boot\pjt_intellij\calendar)
2025-07-31 13:49:46 INFO  [CalendarApplication] - No active profile set, falling back to 1 default profile: "default"
2025-07-31 13:49:53 INFO  [CalendarApplication] - Started CalendarApplication in 7.233 seconds (process running for 8.383)
2025-07-31 13:49:59 INFO  [HomeController] - INFO: home()
2025-07-31 13:50:04 INFO  [MemberDetailsService] - loadUserByUsername()
2025-07-31 13:50:04 INFO  [SecurityConfig] - signin successHandler()
2025-07-31 13:50:04 INFO  [MemberController] - signinResult()
2025-07-31 13:50:06 INFO  [PlannerController] - home()
2025-07-31 13:52:32 INFO  [PlannerController] - home()
2025-07-31 14:00:16 INFO  [CalendarApplication] - Starting CalendarApplication using Java 21.0.7 with PID 1092 (D:\kmh\spring_boot\pjt_intellij\calendar\calendar\build\classes\java\main started by C200 in D:\kmh\spring_boot\pjt_intellij\calendar)
2025-07-31 14:00:16 INFO  [CalendarApplication] - No active profile set, falling back to 1 default profile: "default"
2025-07-31 14:00:22 INFO  [CalendarApplication] - Started CalendarApplication in 6.999 seconds (process running for 8.195)
2025-07-31 14:00:31 INFO  [HomeController] - INFO: home()
2025-07-31 14:00:36 INFO  [MemberDetailsService] - loadUserByUsername()
2025-07-31 14:00:36 INFO  [SecurityConfig] - signin successHandler()
2025-07-31 14:00:36 INFO  [MemberController] - signinResult()
2025-07-31 14:00:40 INFO  [PlannerController] - home()
2025-07-31 14:11:59 INFO  [CalendarApplication] - Starting CalendarApplication using Java 21.0.7 with PID 10136 (D:\kmh\spring_boot\pjt_intellij\calendar\calendar\build\classes\java\main started by C200 in D:\kmh\spring_boot\pjt_intellij\calendar)
2025-07-31 14:11:59 INFO  [CalendarApplication] - No active profile set, falling back to 1 default profile: "default"
2025-07-31 14:12:06 INFO  [CalendarApplication] - Started CalendarApplication in 7.355 seconds (process running for 8.451)
2025-07-31 14:12:09 INFO  [HomeController] - INFO: home()
2025-07-31 14:12:14 INFO  [MemberDetailsService] - loadUserByUsername()
2025-07-31 14:12:14 INFO  [SecurityConfig] - signin successHandler()
2025-07-31 14:12:14 INFO  [MemberController] - signinResult()
2025-07-31 14:12:16 INFO  [PlannerController] - home()
2025-07-31 14:14:53 INFO  [CalendarApplication] - Starting CalendarApplication using Java 21.0.7 with PID 11616 (D:\kmh\spring_boot\pjt_intellij\calendar\calendar\build\classes\java\main started by C200 in D:\kmh\spring_boot\pjt_intellij\calendar)
2025-07-31 14:14:53 INFO  [CalendarApplication] - No active profile set, falling back to 1 default profile: "default"
2025-07-31 14:15:00 INFO  [CalendarApplication] - Started CalendarApplication in 7.027 seconds (process running for 8.163)
2025-07-31 14:15:45 INFO  [HomeController] - INFO: home()
2025-07-31 14:15:50 INFO  [MemberDetailsService] - loadUserByUsername()
2025-07-31 14:15:50 INFO  [SecurityConfig] - signin successHandler()
2025-07-31 14:15:50 INFO  [MemberController] - signinResult()
2025-07-31 14:15:52 INFO  [PlannerController] - home()
2025-07-31 14:18:44 INFO  [CalendarApplication] - Starting CalendarApplication using Java 21.0.7 with PID 9624 (D:\kmh\spring_boot\pjt_intellij\calendar\calendar\build\classes\java\main started by C200 in D:\kmh\spring_boot\pjt_intellij\calendar)
2025-07-31 14:18:44 INFO  [CalendarApplication] - No active profile set, falling back to 1 default profile: "default"
2025-07-31 14:18:52 INFO  [CalendarApplication] - Started CalendarApplication in 8.365 seconds (process running for 9.444)
2025-07-31 14:18:57 INFO  [HomeController] - INFO: home()
2025-07-31 14:19:02 INFO  [MemberDetailsService] - loadUserByUsername()
2025-07-31 14:19:02 INFO  [SecurityConfig] - signin successHandler()
2025-07-31 14:19:02 INFO  [MemberController] - signinResult()
2025-07-31 14:19:03 INFO  [PlannerController] - home()
2025-07-31 14:19:50 INFO  [CalendarApplication] - Starting CalendarApplication using Java 21.0.7 with PID 14356 (D:\kmh\spring_boot\pjt_intellij\calendar\calendar\build\classes\java\main started by C200 in D:\kmh\spring_boot\pjt_intellij\calendar)
2025-07-31 14:19:50 INFO  [CalendarApplication] - No active profile set, falling back to 1 default profile: "default"
2025-07-31 14:19:58 INFO  [CalendarApplication] - Started CalendarApplication in 8.55 seconds (process running for 9.685)
2025-07-31 14:20:12 INFO  [HomeController] - INFO: home()
2025-07-31 14:20:17 INFO  [MemberDetailsService] - loadUserByUsername()
2025-07-31 14:20:17 INFO  [SecurityConfig] - signin successHandler()
2025-07-31 14:20:17 INFO  [MemberController] - signinResult()
2025-07-31 14:20:19 INFO  [PlannerController] - home()
2025-07-31 14:37:22 INFO  [CalendarApplication] - Starting CalendarApplication using Java 21.0.7 with PID 10000 (D:\kmh\spring_boot\pjt_intellij\calendar\calendar\build\classes\java\main started by C200 in D:\kmh\spring_boot\pjt_intellij\calendar)
2025-07-31 14:37:22 INFO  [CalendarApplication] - No active profile set, falling back to 1 default profile: "default"
2025-07-31 14:37:29 INFO  [CalendarApplication] - Started CalendarApplication in 7.367 seconds (process running for 8.457)
2025-07-31 14:37:31 INFO  [HomeController] - INFO: home()
2025-07-31 14:37:36 INFO  [MemberDetailsService] - loadUserByUsername()
2025-07-31 14:37:36 INFO  [SecurityConfig] - signin successHandler()
2025-07-31 14:37:36 INFO  [MemberController] - signinResult()
2025-07-31 14:37:38 INFO  [PlannerController] - home()
2025-07-31 14:39:26 INFO  [HomeController] - INFO: home()
2025-07-31 14:39:27 INFO  [PlannerController] - home()
2025-07-31 14:41:21 INFO  [CalendarApplication] - Starting CalendarApplication using Java 21.0.7 with PID 11852 (D:\kmh\spring_boot\pjt_intellij\calendar\calendar\build\classes\java\main started by C200 in D:\kmh\spring_boot\pjt_intellij\calendar)
2025-07-31 14:41:21 INFO  [CalendarApplication] - No active profile set, falling back to 1 default profile: "default"
2025-07-31 14:41:28 INFO  [CalendarApplication] - Started CalendarApplication in 6.937 seconds (process running for 7.995)
2025-07-31 14:41:33 INFO  [HomeController] - INFO: home()
2025-07-31 14:41:40 INFO  [MemberDetailsService] - loadUserByUsername()
2025-07-31 14:41:40 INFO  [SecurityConfig] - signin successHandler()
2025-07-31 14:41:40 INFO  [MemberController] - signinResult()
2025-07-31 14:41:41 INFO  [PlannerController] - home()
2025-07-31 14:47:07 INFO  [CalendarApplication] - Starting CalendarApplication using Java 21.0.7 with PID 14292 (D:\kmh\spring_boot\pjt_intellij\calendar\calendar\build\classes\java\main started by C200 in D:\kmh\spring_boot\pjt_intellij\calendar)
2025-07-31 14:47:07 INFO  [CalendarApplication] - No active profile set, falling back to 1 default profile: "default"
2025-07-31 14:47:13 INFO  [CalendarApplication] - Started CalendarApplication in 7.341 seconds (process running for 8.49)
2025-07-31 14:47:16 INFO  [HomeController] - INFO: home()
2025-07-31 14:47:21 INFO  [MemberDetailsService] - loadUserByUsername()
2025-07-31 14:47:21 INFO  [SecurityConfig] - signin successHandler()
2025-07-31 14:47:21 INFO  [MemberController] - signinResult()
2025-07-31 14:47:23 INFO  [PlannerController] - home()
2025-07-31 14:59:25 INFO  [CalendarApplication] - Starting CalendarApplication using Java 21.0.7 with PID 12864 (D:\kmh\spring_boot\pjt_intellij\calendar\calendar\build\classes\java\main started by C200 in D:\kmh\spring_boot\pjt_intellij\calendar)
2025-07-31 14:59:25 INFO  [CalendarApplication] - No active profile set, falling back to 1 default profile: "default"
2025-07-31 14:59:33 INFO  [CalendarApplication] - Started CalendarApplication in 7.959 seconds (process running for 9.091)
2025-07-31 14:59:33 INFO  [HomeController] - INFO: home()
2025-07-31 14:59:39 INFO  [MemberDetailsService] - loadUserByUsername()
2025-07-31 14:59:39 INFO  [SecurityConfig] - signin successHandler()
2025-07-31 14:59:39 INFO  [MemberController] - signinResult()
2025-07-31 14:59:40 INFO  [PlannerController] - home()
2025-07-31 14:59:58 INFO  [CalendarApplication] - Starting CalendarApplication using Java 21.0.7 with PID 11612 (D:\kmh\spring_boot\pjt_intellij\calendar\calendar\build\classes\java\main started by C200 in D:\kmh\spring_boot\pjt_intellij\calendar)
2025-07-31 14:59:58 INFO  [CalendarApplication] - No active profile set, falling back to 1 default profile: "default"
2025-07-31 15:00:06 INFO  [CalendarApplication] - Started CalendarApplication in 8.462 seconds (process running for 9.585)
2025-07-31 15:00:06 INFO  [HomeController] - INFO: home()
2025-07-31 15:00:11 INFO  [MemberDetailsService] - loadUserByUsername()
2025-07-31 15:00:12 INFO  [SecurityConfig] - signin successHandler()
2025-07-31 15:00:12 INFO  [MemberController] - signinResult()
2025-07-31 15:00:13 INFO  [PlannerController] - home()
2025-07-31 15:02:14 INFO  [PlannerController] - home()
2025-07-31 15:07:00 INFO  [CalendarApplication] - Starting CalendarApplication using Java 21.0.7 with PID 1752 (D:\kmh\spring_boot\pjt_intellij\calendar\calendar\build\classes\java\main started by C200 in D:\kmh\spring_boot\pjt_intellij\calendar)
2025-07-31 15:07:00 INFO  [CalendarApplication] - No active profile set, falling back to 1 default profile: "default"
2025-07-31 15:07:07 INFO  [CalendarApplication] - Started CalendarApplication in 7.245 seconds (process running for 8.34)
2025-07-31 15:07:23 INFO  [HomeController] - INFO: home()
2025-07-31 15:07:27 INFO  [MemberDetailsService] - loadUserByUsername()
2025-07-31 15:07:27 INFO  [SecurityConfig] - signin successHandler()
2025-07-31 15:07:27 INFO  [MemberController] - signinResult()
2025-07-31 15:07:29 INFO  [PlannerController] - home()
2025-07-31 15:08:58 INFO  [CalendarApplication] - Starting CalendarApplication using Java 21.0.7 with PID 10908 (D:\kmh\spring_boot\pjt_intellij\calendar\calendar\build\classes\java\main started by C200 in D:\kmh\spring_boot\pjt_intellij\calendar)
2025-07-31 15:08:58 INFO  [CalendarApplication] - No active profile set, falling back to 1 default profile: "default"
2025-07-31 15:09:04 INFO  [CalendarApplication] - Started CalendarApplication in 6.923 seconds (process running for 8.028)
2025-07-31 15:09:10 INFO  [HomeController] - INFO: home()
2025-07-31 15:09:16 INFO  [MemberDetailsService] - loadUserByUsername()
2025-07-31 15:09:16 INFO  [SecurityConfig] - signin successHandler()
2025-07-31 15:09:16 INFO  [MemberController] - signinResult()
2025-07-31 15:09:18 INFO  [PlannerController] - home()
2025-07-31 15:46:55 INFO  [CalendarApplication] - Starting CalendarApplication using Java 21.0.7 with PID 13212 (D:\kmh\spring_boot\pjt_intellij\calendar\calendar\build\classes\java\main started by C200 in D:\kmh\spring_boot\pjt_intellij\calendar)
2025-07-31 15:46:55 INFO  [CalendarApplication] - No active profile set, falling back to 1 default profile: "default"
2025-07-31 15:47:02 INFO  [CalendarApplication] - Started CalendarApplication in 7.74 seconds (process running for 8.961)
2025-07-31 15:47:11 INFO  [HomeController] - INFO: home()
2025-07-31 15:47:17 INFO  [MemberDetailsService] - loadUserByUsername()
2025-07-31 15:47:17 INFO  [SecurityConfig] - signin successHandler()
2025-07-31 15:47:17 INFO  [MemberController] - signinResult()
2025-07-31 15:47:20 INFO  [PlannerController] - home()
2025-07-31 16:02:21 INFO  [CalendarApplication] - Starting CalendarApplication using Java 21.0.7 with PID 5916 (D:\kmh\spring_boot\pjt_intellij\calendar\calendar\build\classes\java\main started by C200 in D:\kmh\spring_boot\pjt_intellij\calendar)
2025-07-31 16:02:21 INFO  [CalendarApplication] - No active profile set, falling back to 1 default profile: "default"
2025-07-31 16:02:28 INFO  [CalendarApplication] - Started CalendarApplication in 8.37 seconds (process running for 9.571)
2025-07-31 16:02:34 INFO  [HomeController] - INFO: home()
2025-07-31 16:02:39 INFO  [MemberDetailsService] - loadUserByUsername()
2025-07-31 16:02:40 INFO  [SecurityConfig] - signin successHandler()
2025-07-31 16:02:40 INFO  [MemberController] - signinResult()
2025-07-31 16:02:42 INFO  [PlannerController] - home()
2025-07-31 16:03:31 INFO  [CalendarApplication] - Starting CalendarApplication using Java 21.0.7 with PID 15352 (D:\kmh\spring_boot\pjt_intellij\calendar\calendar\build\classes\java\main started by C200 in D:\kmh\spring_boot\pjt_intellij\calendar)
2025-07-31 16:03:31 INFO  [CalendarApplication] - No active profile set, falling back to 1 default profile: "default"
2025-07-31 16:03:38 INFO  [CalendarApplication] - Started CalendarApplication in 8.061 seconds (process running for 9.181)
2025-07-31 16:03:43 INFO  [MemberDetailsService] - loadUserByUsername()
2025-07-31 16:03:44 INFO  [SecurityConfig] - signin successHandler()
2025-07-31 16:03:44 INFO  [MemberController] - signinResult()
2025-07-31 16:03:46 INFO  [PlannerController] - home()
2025-07-31 16:15:46 INFO  [CalendarApplication] - Starting CalendarApplication using Java 21.0.7 with PID 12344 (D:\kmh\spring_boot\pjt_intellij\calendar\calendar\build\classes\java\main started by C200 in D:\kmh\spring_boot\pjt_intellij\calendar)
2025-07-31 16:15:46 INFO  [CalendarApplication] - No active profile set, falling back to 1 default profile: "default"
2025-07-31 16:15:54 INFO  [CalendarApplication] - Started CalendarApplication in 8.112 seconds (process running for 9.342)
2025-07-31 16:15:56 INFO  [HomeController] - INFO: home()
2025-07-31 16:16:02 INFO  [MemberDetailsService] - loadUserByUsername()
2025-07-31 16:16:02 INFO  [SecurityConfig] - signin successHandler()
2025-07-31 16:16:02 INFO  [MemberController] - signinResult()
2025-07-31 16:16:04 INFO  [PlannerController] - home()
2025-07-31 16:16:27 INFO  [PlannerController] - home()
2025-07-31 16:20:19 INFO  [CalendarApplication] - Starting CalendarApplication using Java 21.0.7 with PID 1468 (D:\kmh\spring_boot\pjt_intellij\calendar\calendar\build\classes\java\main started by C200 in D:\kmh\spring_boot\pjt_intellij\calendar)
2025-07-31 16:20:19 INFO  [CalendarApplication] - No active profile set, falling back to 1 default profile: "default"
2025-07-31 16:20:26 INFO  [CalendarApplication] - Started CalendarApplication in 7.621 seconds (process running for 8.774)
2025-07-31 16:20:32 INFO  [HomeController] - INFO: home()
2025-07-31 16:20:37 INFO  [MemberDetailsService] - loadUserByUsername()
2025-07-31 16:20:38 INFO  [SecurityConfig] - signin successHandler()
2025-07-31 16:20:38 INFO  [MemberController] - signinResult()
2025-07-31 16:20:39 INFO  [PlannerController] - home()
2025-07-31 17:05:50 INFO  [CalendarApplication] - Starting CalendarApplication using Java 21.0.7 with PID 12148 (D:\kmh\spring_boot\pjt_intellij\calendar\calendar\build\classes\java\main started by C200 in D:\kmh\spring_boot\pjt_intellij\calendar)
2025-07-31 17:05:50 INFO  [CalendarApplication] - No active profile set, falling back to 1 default profile: "default"
2025-07-31 17:05:57 INFO  [CalendarApplication] - Started CalendarApplication in 7.572 seconds (process running for 8.736)
2025-07-31 17:06:01 INFO  [HomeController] - INFO: home()
2025-07-31 17:06:07 INFO  [MemberDetailsService] - loadUserByUsername()
2025-07-31 17:06:07 INFO  [SecurityConfig] - signin successHandler()
2025-07-31 17:06:07 INFO  [MemberController] - signinResult()
2025-07-31 17:06:09 INFO  [PlannerController] - home()
2025-07-31 17:06:25 INFO  [HomeController] - INFO: home()
2025-07-31 17:06:26 INFO  [PlannerController] - home()
2025-07-31 17:06:45 INFO  [CalendarApplication] - Starting CalendarApplication using Java 21.0.7 with PID 12452 (D:\kmh\spring_boot\pjt_intellij\calendar\calendar\build\classes\java\main started by C200 in D:\kmh\spring_boot\pjt_intellij\calendar)
2025-07-31 17:06:45 INFO  [CalendarApplication] - No active profile set, falling back to 1 default profile: "default"
2025-07-31 17:06:52 INFO  [CalendarApplication] - Started CalendarApplication in 8.231 seconds (process running for 9.331)
2025-07-31 17:06:53 INFO  [HomeController] - INFO: home()
2025-07-31 17:06:59 INFO  [MemberDetailsService] - loadUserByUsername()
2025-07-31 17:06:59 INFO  [SecurityConfig] - signin successHandler()
2025-07-31 17:06:59 INFO  [MemberController] - signinResult()
2025-07-31 17:07:01 INFO  [PlannerController] - home()
2025-07-31 17:08:50 INFO  [CalendarApplication] - Starting CalendarApplication using Java 21.0.7 with PID 15220 (D:\kmh\spring_boot\pjt_intellij\calendar\calendar\build\classes\java\main started by C200 in D:\kmh\spring_boot\pjt_intellij\calendar)
2025-07-31 17:08:50 INFO  [CalendarApplication] - No active profile set, falling back to 1 default profile: "default"
2025-07-31 17:08:57 INFO  [CalendarApplication] - Started CalendarApplication in 7.886 seconds (process running for 9.004)
2025-07-31 17:08:58 INFO  [HomeController] - INFO: home()
2025-07-31 17:09:04 INFO  [MemberDetailsService] - loadUserByUsername()
2025-07-31 17:09:04 INFO  [SecurityConfig] - signin successHandler()
2025-07-31 17:09:04 INFO  [MemberController] - signinResult()
2025-07-31 17:09:06 INFO  [PlannerController] - home()
2025-07-31 17:09:42 INFO  [CalendarApplication] - Starting CalendarApplication using Java 21.0.7 with PID 12436 (D:\kmh\spring_boot\pjt_intellij\calendar\calendar\build\classes\java\main started by C200 in D:\kmh\spring_boot\pjt_intellij\calendar)
2025-07-31 17:09:42 INFO  [CalendarApplication] - No active profile set, falling back to 1 default profile: "default"
2025-07-31 17:09:50 INFO  [CalendarApplication] - Started CalendarApplication in 8.538 seconds (process running for 9.733)
2025-07-31 17:10:22 INFO  [CalendarApplication] - Starting CalendarApplication using Java 21.0.7 with PID 10500 (D:\kmh\spring_boot\pjt_intellij\calendar\calendar\build\classes\java\main started by C200 in D:\kmh\spring_boot\pjt_intellij\calendar)
2025-07-31 17:10:22 INFO  [CalendarApplication] - No active profile set, falling back to 1 default profile: "default"
2025-07-31 17:10:29 INFO  [CalendarApplication] - Started CalendarApplication in 7.851 seconds (process running for 9.031)
2025-07-31 17:11:01 INFO  [CalendarApplication] - Starting CalendarApplication using Java 21.0.7 with PID 4200 (D:\kmh\spring_boot\pjt_intellij\calendar\calendar\build\classes\java\main started by C200 in D:\kmh\spring_boot\pjt_intellij\calendar)
2025-07-31 17:11:01 INFO  [CalendarApplication] - No active profile set, falling back to 1 default profile: "default"
2025-07-31 17:11:08 INFO  [CalendarApplication] - Started CalendarApplication in 7.942 seconds (process running for 9.091)
2025-07-31 17:11:23 INFO  [HomeController] - INFO: home()
2025-07-31 17:11:31 INFO  [MemberDetailsService] - loadUserByUsername()
2025-07-31 17:11:32 INFO  [SecurityConfig] - signin successHandler()
2025-07-31 17:11:32 INFO  [MemberController] - signinResult()
2025-07-31 17:11:34 INFO  [PlannerController] - home()
2025-07-31 17:11:36 INFO  [SecurityConfig] - signout logoutSuccessHandler()
2025-07-31 17:11:36 INFO  [HomeController] - INFO: home()
2025-07-31 17:11:42 INFO  [MemberDetailsService] - loadUserByUsername()
2025-07-31 17:11:42 INFO  [SecurityConfig] - signin successHandler()
2025-07-31 17:11:42 INFO  [MemberController] - signinResult()
2025-07-31 17:11:45 INFO  [PlannerController] - home()
2025-07-31 17:11:46 INFO  [SecurityConfig] - signout logoutSuccessHandler()
2025-07-31 17:11:46 INFO  [HomeController] - INFO: home()
2025-07-31 17:16:57 INFO  [CalendarApplication] - Starting CalendarApplication using Java 21.0.7 with PID 1232 (D:\kmh\spring_boot\pjt_intellij\calendar\calendar\build\classes\java\main started by C200 in D:\kmh\spring_boot\pjt_intellij\calendar)
2025-07-31 17:16:57 INFO  [CalendarApplication] - No active profile set, falling back to 1 default profile: "default"
2025-07-31 17:17:04 INFO  [CalendarApplication] - Started CalendarApplication in 7.642 seconds (process running for 8.708)
2025-07-31 17:17:12 INFO  [HomeController] - INFO: home()
2025-07-31 17:17:18 INFO  [MemberDetailsService] - loadUserByUsername()
2025-07-31 17:17:18 INFO  [SecurityConfig] - signin successHandler()
2025-07-31 17:18:18 INFO  [CalendarApplication] - Starting CalendarApplication using Java 21.0.7 with PID 11272 (D:\kmh\spring_boot\pjt_intellij\calendar\calendar\build\classes\java\main started by C200 in D:\kmh\spring_boot\pjt_intellij\calendar)
2025-07-31 17:18:18 INFO  [CalendarApplication] - No active profile set, falling back to 1 default profile: "default"
2025-07-31 17:18:24 INFO  [CalendarApplication] - Started CalendarApplication in 7.233 seconds (process running for 8.378)
2025-07-31 17:18:41 INFO  [HomeController] - INFO: home()
2025-07-31 17:18:47 INFO  [MemberDetailsService] - loadUserByUsername()
2025-07-31 17:18:47 INFO  [SecurityConfig] - signin successHandler()
2025-07-31 17:18:47 INFO  [SecurityConfig] - targetURI: 
2025-07-31 17:20:53 INFO  [CalendarApplication] - Starting CalendarApplication using Java 21.0.7 with PID 14924 (D:\kmh\spring_boot\pjt_intellij\calendar\calendar\build\classes\java\main started by C200 in D:\kmh\spring_boot\pjt_intellij\calendar)
2025-07-31 17:20:53 INFO  [CalendarApplication] - No active profile set, falling back to 1 default profile: "default"
2025-07-31 17:21:00 INFO  [CalendarApplication] - Started CalendarApplication in 7.789 seconds (process running for 8.859)
2025-07-31 17:21:02 INFO  [HomeController] - INFO: home()
2025-07-31 17:21:15 INFO  [MemberDetailsService] - loadUserByUsername()
2025-07-31 17:21:15 INFO  [SecurityConfig] - signin successHandler()
2025-07-31 17:21:15 INFO  [SecurityConfig] - savedRequest.getRedirectUrl(): 
2025-07-31 17:21:15 INFO  [SecurityConfig] - targetURI: 
2025-07-31 17:46:05 INFO  [CalendarApplication] - Starting CalendarApplication using Java 21.0.7 with PID 14296 (D:\kmh\spring_boot\pjt_intellij\calendar\calendar\build\classes\java\main started by C200 in D:\kmh\spring_boot\pjt_intellij\calendar)
2025-07-31 17:46:05 INFO  [CalendarApplication] - No active profile set, falling back to 1 default profile: "default"
2025-07-31 17:46:13 INFO  [CalendarApplication] - Started CalendarApplication in 8.671 seconds (process running for 9.998)
2025-07-31 17:46:20 INFO  [HomeController] - INFO: home()
2025-07-31 17:46:26 INFO  [HomeController] - INFO: home()
2025-07-31 17:46:31 INFO  [MemberDetailsService] - loadUserByUsername()
2025-07-31 17:46:31 INFO  [SecurityConfig] - signin successHandler()
2025-07-31 17:46:31 INFO  [MemberController] - signinResult()
2025-07-31 17:53:22 INFO  [CalendarApplication] - Starting CalendarApplication using Java 21.0.7 with PID 11688 (D:\kmh\spring_boot\pjt_intellij\calendar\calendar\build\classes\java\main started by C200 in D:\kmh\spring_boot\pjt_intellij\calendar)
2025-07-31 17:53:22 INFO  [CalendarApplication] - No active profile set, falling back to 1 default profile: "default"
2025-07-31 17:53:30 INFO  [CalendarApplication] - Started CalendarApplication in 7.867 seconds (process running for 9.0)
2025-07-31 17:53:39 INFO  [HomeController] - INFO: home()
2025-07-31 17:53:46 INFO  [MemberDetailsService] - loadUserByUsername()
2025-07-31 17:53:46 INFO  [SecurityConfig] - signin successHandler()
2025-07-31 17:53:46 INFO  [SecurityConfig] - Redirecting to original URL: http://localhost:8090/.well-known/appspecific/com.chrome.devtools.json?continue
2025-07-31 17:58:53 INFO  [CalendarApplication] - Starting CalendarApplication using Java 21.0.7 with PID 9344 (D:\kmh\spring_boot\pjt_intellij\calendar\calendar\build\classes\java\main started by C200 in D:\kmh\spring_boot\pjt_intellij\calendar)
2025-07-31 17:58:53 INFO  [CalendarApplication] - No active profile set, falling back to 1 default profile: "default"
2025-07-31 17:59:00 INFO  [CalendarApplication] - Started CalendarApplication in 7.403 seconds (process running for 8.618)
2025-07-31 17:59:06 INFO  [HomeController] - INFO: home()
2025-07-31 17:59:15 INFO  [MemberDetailsService] - loadUserByUsername()
2025-07-31 17:59:16 INFO  [SecurityConfig] - signin successHandler()
2025-07-31 17:59:16 INFO  [SecurityConfig] - Redirecting to original URL: http://localhost:8090/.well-known/appspecific/com.chrome.devtools.json?continue
2025-07-31 18:02:05 INFO  [CalendarApplication] - Starting CalendarApplication using Java 21.0.7 with PID 4776 (D:\kmh\spring_boot\pjt_intellij\calendar\calendar\build\classes\java\main started by C200 in D:\kmh\spring_boot\pjt_intellij\calendar)
2025-07-31 18:02:05 INFO  [CalendarApplication] - No active profile set, falling back to 1 default profile: "default"
2025-07-31 18:02:12 INFO  [CalendarApplication] - Started CalendarApplication in 7.835 seconds (process running for 8.98)
2025-07-31 18:02:21 INFO  [HomeController] - INFO: home()
2025-07-31 18:02:26 INFO  [MemberDetailsService] - loadUserByUsername()
2025-07-31 18:02:27 INFO  [SecurityConfig] - signin successHandler()
2025-07-31 18:02:27 INFO  [SecurityConfig] - Redirecting to original URL: http://localhost:8090/error?continue
2025-07-31 18:02:42 INFO  [HomeController] - INFO: home()
2025-07-31 18:02:44 INFO  [SecurityConfig] - signout logoutSuccessHandler()
2025-07-31 18:02:44 INFO  [HomeController] - INFO: home()
2025-07-31 18:02:50 INFO  [MemberDetailsService] - loadUserByUsername()
2025-07-31 18:02:50 INFO  [SecurityConfig] - signin successHandler()
2025-07-31 18:02:50 INFO  [SecurityConfig] - Redirecting to original URL: http://localhost:8090/error?continue
2025-07-31 18:04:35 INFO  [CalendarApplication] - Starting CalendarApplication using Java 21.0.7 with PID 3896 (D:\kmh\spring_boot\pjt_intellij\calendar\calendar\build\classes\java\main started by C200 in D:\kmh\spring_boot\pjt_intellij\calendar)
2025-07-31 18:04:35 INFO  [CalendarApplication] - No active profile set, falling back to 1 default profile: "default"
2025-07-31 18:04:44 INFO  [CalendarApplication] - Started CalendarApplication in 9.826 seconds (process running for 11.087)
2025-07-31 18:04:45 INFO  [HomeController] - INFO: home()
2025-07-31 18:04:48 INFO  [HomeController] - INFO: home()
2025-07-31 18:04:52 INFO  [MemberDetailsService] - loadUserByUsername()
2025-07-31 18:04:52 INFO  [SecurityConfig] - signin successHandler()
2025-07-31 18:04:53 INFO  [MemberController] - signinResult()
2025-07-31 18:04:55 INFO  [PlannerController] - home()
2025-08-01 09:26:12 INFO  [CalendarApplication] - Starting CalendarApplication using Java 21.0.7 with PID 6000 (D:\kmh\spring_boot\pjt_intellij\calendar\calendar\build\classes\java\main started by C200 in D:\kmh\spring_boot\pjt_intellij\calendar)
2025-08-01 09:26:12 INFO  [CalendarApplication] - No active profile set, falling back to 1 default profile: "default"
2025-08-01 09:26:20 INFO  [CalendarApplication] - Started CalendarApplication in 8.689 seconds (process running for 9.815)
2025-08-01 09:32:13 INFO  [HomeController] - INFO: home()
2025-08-01 09:32:19 INFO  [MemberDetailsService] - loadUserByUsername()
2025-08-01 09:32:19 INFO  [SecurityConfig] - signin successHandler()
2025-08-01 09:32:19 INFO  [MemberController] - signinResult()
2025-08-01 09:32:22 INFO  [PlannerController] - home()
2025-08-01 09:32:46 INFO  [HomeController] - INFO: home()
2025-08-01 09:32:47 INFO  [PlannerController] - home()
2025-08-01 10:47:16 INFO  [CalendarApplication] - Starting CalendarApplication using Java 21.0.7 with PID 10828 (D:\kmh\spring_boot\pjt_intellij\calendar\calendar\build\classes\java\main started by C200 in D:\kmh\spring_boot\pjt_intellij\calendar)
2025-08-01 10:47:16 INFO  [CalendarApplication] - No active profile set, falling back to 1 default profile: "default"
2025-08-01 10:47:23 INFO  [CalendarApplication] - Started CalendarApplication in 7.549 seconds (process running for 8.708)
2025-08-01 11:40:47 INFO  [CalendarApplication] - Starting CalendarApplication using Java 21.0.7 with PID 13948 (D:\kmh\spring_boot\pjt_intellij\calendar\calendar\build\classes\java\main started by C200 in D:\kmh\spring_boot\pjt_intellij\calendar)
2025-08-01 11:40:47 INFO  [CalendarApplication] - No active profile set, falling back to 1 default profile: "default"
2025-08-01 11:40:54 INFO  [CalendarApplication] - Started CalendarApplication in 7.447 seconds (process running for 8.49)
2025-08-01 11:41:08 INFO  [HomeController] - INFO: home()
2025-08-01 11:41:23 INFO  [MemberDetailsService] - loadUserByUsername()
2025-08-01 11:41:23 INFO  [SecurityConfig] - signin successHandler()
2025-08-01 11:41:23 INFO  [MemberController] - signinResult()
2025-08-01 11:41:29 INFO  [PlannerController] - home()
2025-08-01 11:44:46 INFO  [PlannerController] - writePlan()
2025-08-01 11:44:46 INFO  [UploadFileService] - FILE UPLOAD SUCCESS!!
2025-08-01 11:44:46 INFO  [PlannerService] - writePlan()
2025-08-01 11:44:46 INFO  [PlannerService] - INSERT NEW PLAN SUCCESS!!
2025-08-01 11:53:03 INFO  [CalendarApplication] - Starting CalendarApplication using Java 21.0.7 with PID 9160 (D:\kmh\spring_boot\pjt_intellij\calendar\calendar\build\classes\java\main started by C200 in D:\kmh\spring_boot\pjt_intellij\calendar)
2025-08-01 11:53:03 INFO  [CalendarApplication] - No active profile set, falling back to 1 default profile: "default"
2025-08-01 11:53:10 INFO  [CalendarApplication] - Started CalendarApplication in 7.252 seconds (process running for 8.352)
2025-08-01 11:53:36 INFO  [HomeController] - INFO: home()
2025-08-01 11:53:42 INFO  [MemberDetailsService] - loadUserByUsername()
2025-08-01 11:53:42 INFO  [SecurityConfig] - signin successHandler()
2025-08-01 11:53:42 INFO  [MemberController] - signinResult()
2025-08-01 11:53:44 INFO  [PlannerController] - home()
2025-08-01 11:55:02 INFO  [PlannerController] - writePlan()
2025-08-01 11:55:02 INFO  [UploadFileService] - FILE UPLOAD SUCCESS!!
2025-08-01 11:55:02 INFO  [PlannerService] - writePlan()
2025-08-01 11:55:03 INFO  [PlannerService] - INSERT NEW PLAN SUCCESS!!
2025-08-01 13:35:51 INFO  [CalendarApplication] - Starting CalendarApplication using Java 21.0.7 with PID 8228 (D:\kmh\spring_boot\pjt_intellij\calendar\calendar\build\classes\java\main started by C200 in D:\kmh\spring_boot\pjt_intellij\calendar)
2025-08-01 13:35:51 INFO  [CalendarApplication] - No active profile set, falling back to 1 default profile: "default"
2025-08-01 13:35:58 INFO  [CalendarApplication] - Started CalendarApplication in 7.341 seconds (process running for 8.4)
2025-08-01 13:36:08 INFO  [HomeController] - INFO: home()
2025-08-01 13:36:24 INFO  [MemberDetailsService] - loadUserByUsername()
2025-08-01 13:36:24 INFO  [SecurityConfig] - signin successHandler()
2025-08-01 13:36:24 INFO  [MemberController] - signinResult()
2025-08-01 13:36:26 INFO  [PlannerController] - home()
2025-08-01 13:36:59 INFO  [PlannerController] - writePlan()
2025-08-01 13:36:59 INFO  [UploadFileService] - FILE UPLOAD SUCCESS!!
2025-08-01 13:36:59 INFO  [PlannerService] - writePlan()
2025-08-01 13:36:59 INFO  [PlannerService] - INSERT NEW PLAN SUCCESS!!
2025-08-01 13:37:10 INFO  [PlannerController] - getPlans()
2025-08-01 13:37:10 INFO  [PlannerService] - getPlans()
2025-08-01 13:58:33 INFO  [CalendarApplication] - Starting CalendarApplication using Java 21.0.7 with PID 11908 (D:\kmh\spring_boot\pjt_intellij\calendar\calendar\build\classes\java\main started by C200 in D:\kmh\spring_boot\pjt_intellij\calendar)
2025-08-01 13:58:33 INFO  [CalendarApplication] - No active profile set, falling back to 1 default profile: "default"
2025-08-01 13:58:40 INFO  [CalendarApplication] - Started CalendarApplication in 7.407 seconds (process running for 8.484)
2025-08-01 13:58:48 INFO  [HomeController] - INFO: home()
2025-08-01 13:58:53 INFO  [MemberDetailsService] - loadUserByUsername()
2025-08-01 13:58:54 INFO  [SecurityConfig] - signin successHandler()
2025-08-01 13:58:54 INFO  [MemberController] - signinResult()
2025-08-01 13:58:55 INFO  [PlannerController] - home()
2025-08-01 13:59:48 INFO  [PlannerController] - writePlan()
2025-08-01 13:59:48 INFO  [UploadFileService] - FILE UPLOAD SUCCESS!!
2025-08-01 13:59:48 INFO  [PlannerService] - writePlan()
2025-08-01 13:59:48 INFO  [PlannerService] - INSERT NEW PLAN SUCCESS!!
2025-08-01 13:59:50 INFO  [PlannerController] - getPlans()
2025-08-01 13:59:50 INFO  [PlannerService] - getPlans()
2025-08-01 14:00:21 INFO  [PlannerController] - writePlan()
2025-08-01 14:00:21 INFO  [UploadFileService] - FILE UPLOAD SUCCESS!!
2025-08-01 14:00:21 INFO  [PlannerService] - writePlan()
2025-08-01 14:00:21 INFO  [PlannerService] - INSERT NEW PLAN SUCCESS!!
2025-08-01 14:00:22 INFO  [PlannerController] - getPlans()
2025-08-01 14:00:22 INFO  [PlannerService] - getPlans()
2025-08-01 14:02:11 INFO  [PlannerController] - writePlan()
2025-08-01 14:02:11 INFO  [UploadFileService] - FILE UPLOAD SUCCESS!!
2025-08-01 14:02:11 INFO  [PlannerService] - writePlan()
2025-08-01 14:02:11 INFO  [PlannerService] - INSERT NEW PLAN SUCCESS!!
2025-08-01 14:02:12 INFO  [PlannerController] - getPlans()
2025-08-01 14:02:12 INFO  [PlannerService] - getPlans()
2025-08-01 14:02:17 INFO  [HomeController] - INFO: home()
2025-08-01 14:02:20 INFO  [PlannerController] - home()
2025-08-01 14:02:43 INFO  [PlannerController] - writePlan()
2025-08-01 14:02:43 INFO  [UploadFileService] - FILE UPLOAD SUCCESS!!
2025-08-01 14:02:43 INFO  [PlannerService] - writePlan()
2025-08-01 14:02:43 INFO  [PlannerService] - INSERT NEW PLAN SUCCESS!!
2025-08-01 14:02:43 INFO  [PlannerController] - getPlans()
2025-08-01 14:02:43 INFO  [PlannerService] - getPlans()
2025-08-01 14:04:34 INFO  [CalendarApplication] - Starting CalendarApplication using Java 21.0.7 with PID 15308 (D:\kmh\spring_boot\pjt_intellij\calendar\calendar\build\classes\java\main started by C200 in D:\kmh\spring_boot\pjt_intellij\calendar)
2025-08-01 14:04:34 INFO  [CalendarApplication] - No active profile set, falling back to 1 default profile: "default"
2025-08-01 14:04:41 INFO  [CalendarApplication] - Started CalendarApplication in 7.647 seconds (process running for 8.715)
2025-08-01 14:04:45 INFO  [HomeController] - INFO: home()
2025-08-01 14:04:50 INFO  [MemberDetailsService] - loadUserByUsername()
2025-08-01 14:04:50 INFO  [SecurityConfig] - signin successHandler()
2025-08-01 14:04:51 INFO  [MemberController] - signinResult()
2025-08-01 14:05:02 INFO  [PlannerController] - home()
2025-08-01 14:05:02 INFO  [PlannerController] - getPlans()
2025-08-01 14:05:02 INFO  [PlannerService] - getPlans()
2025-08-01 14:07:37 INFO  [CalendarApplication] - Starting CalendarApplication using Java 21.0.7 with PID 12984 (D:\kmh\spring_boot\pjt_intellij\calendar\calendar\build\classes\java\main started by C200 in D:\kmh\spring_boot\pjt_intellij\calendar)
2025-08-01 14:07:37 INFO  [CalendarApplication] - No active profile set, falling back to 1 default profile: "default"
2025-08-01 14:07:44 INFO  [CalendarApplication] - Started CalendarApplication in 7.218 seconds (process running for 8.276)
2025-08-01 14:07:48 INFO  [HomeController] - INFO: home()
2025-08-01 14:07:54 INFO  [MemberDetailsService] - loadUserByUsername()
2025-08-01 14:07:54 INFO  [SecurityConfig] - signin successHandler()
2025-08-01 14:07:54 INFO  [MemberController] - signinResult()
2025-08-01 14:07:56 INFO  [PlannerController] - home()
2025-08-01 14:07:56 INFO  [PlannerController] - getPlans()
2025-08-01 14:07:56 INFO  [PlannerService] - getPlans()
2025-08-01 14:08:02 INFO  [PlannerController] - getPlans()
2025-08-01 14:08:02 INFO  [PlannerService] - getPlans()
2025-08-01 14:08:06 INFO  [PlannerController] - getPlans()
2025-08-01 14:08:06 INFO  [PlannerService] - getPlans()
2025-08-01 14:08:10 INFO  [PlannerController] - getPlans()
2025-08-01 14:08:10 INFO  [PlannerService] - getPlans()
2025-08-01 14:08:13 INFO  [PlannerController] - getPlans()
2025-08-01 14:08:13 INFO  [PlannerService] - getPlans()
2025-08-01 14:08:16 INFO  [PlannerController] - getPlans()
2025-08-01 14:08:16 INFO  [PlannerService] - getPlans()
2025-08-01 14:08:24 INFO  [PlannerController] - writePlan()
2025-08-01 14:08:24 INFO  [UploadFileService] - FILE UPLOAD SUCCESS!!
2025-08-01 14:08:24 INFO  [PlannerService] - writePlan()
2025-08-01 14:08:24 INFO  [PlannerService] - INSERT NEW PLAN SUCCESS!!
2025-08-01 14:08:25 INFO  [PlannerController] - getPlans()
2025-08-01 14:08:25 INFO  [PlannerService] - getPlans()
2025-08-01 14:08:28 INFO  [PlannerController] - getPlans()
2025-08-01 14:08:28 INFO  [PlannerService] - getPlans()
2025-08-01 14:08:30 INFO  [PlannerController] - getPlans()
2025-08-01 14:08:30 INFO  [PlannerService] - getPlans()
2025-08-01 17:45:00 INFO  [CalendarApplication] - Starting CalendarApplication using Java 21.0.7 with PID 6912 (D:\kmh\spring_boot\pjt_intellij\calendar\calendar\build\classes\java\main started by C200 in D:\kmh\spring_boot\pjt_intellij\calendar)
2025-08-01 17:45:00 INFO  [CalendarApplication] - No active profile set, falling back to 1 default profile: "default"
2025-08-01 17:45:13 INFO  [CalendarApplication] - Started CalendarApplication in 14.221 seconds (process running for 15.807)
2025-08-01 17:45:21 INFO  [HomeController] - INFO: home()
2025-08-01 17:46:08 INFO  [HomeController] - INFO: home()
2025-08-01 17:55:21 INFO  [HomeController] - INFO: home()
2025-08-04 09:28:08 INFO  [CalendarApplication] - Starting CalendarApplication using Java 21.0.7 with PID 5176 (D:\kmh\spring_boot\pjt_intellij\calendar\calendar\build\classes\java\main started by C200 in D:\kmh\spring_boot\pjt_intellij\calendar)
2025-08-04 09:28:08 INFO  [CalendarApplication] - No active profile set, falling back to 1 default profile: "default"
2025-08-04 09:28:16 INFO  [CalendarApplication] - Started CalendarApplication in 8.706 seconds (process running for 10.002)
2025-08-04 09:28:26 INFO  [HomeController] - INFO: home()
2025-08-04 09:28:36 INFO  [MemberDetailsService] - loadUserByUsername()
2025-08-04 09:28:36 INFO  [SecurityConfig] - signin successHandler()
2025-08-04 09:28:36 INFO  [MemberController] - signinResult()
2025-08-04 09:28:42 INFO  [PlannerController] - home()
2025-08-04 09:28:42 INFO  [PlannerController] - getPlans()
2025-08-04 09:28:42 INFO  [PlannerService] - getPlans()
2025-08-04 09:29:20 INFO  [PlannerController] - writePlan()
2025-08-04 09:29:20 INFO  [UploadFileService] - FILE UPLOAD SUCCESS!!
2025-08-04 09:29:20 INFO  [PlannerService] - writePlan()
2025-08-04 09:29:21 INFO  [PlannerService] - INSERT NEW PLAN SUCCESS!!
2025-08-04 09:29:22 INFO  [PlannerController] - getPlans()
2025-08-04 09:29:22 INFO  [PlannerService] - getPlans()
2025-08-04 09:29:28 INFO  [PlannerController] - getPlans()
2025-08-04 09:29:28 INFO  [PlannerService] - getPlans()
2025-08-04 09:29:30 INFO  [PlannerController] - getPlans()
2025-08-04 09:29:30 INFO  [PlannerService] - getPlans()
2025-08-04 09:33:31 INFO  [PlannerController] - writePlan()
2025-08-04 09:33:31 INFO  [UploadFileService] - FILE UPLOAD SUCCESS!!
2025-08-04 09:33:31 INFO  [PlannerService] - writePlan()
2025-08-04 09:33:31 INFO  [PlannerService] - INSERT NEW PLAN SUCCESS!!
2025-08-04 09:33:32 INFO  [PlannerController] - getPlans()
2025-08-04 09:33:32 INFO  [PlannerService] - getPlans()
2025-08-04 09:33:37 INFO  [PlannerController] - getPlans()
2025-08-04 09:33:37 INFO  [PlannerService] - getPlans()
2025-08-04 09:33:43 INFO  [PlannerController] - getPlans()
2025-08-04 09:33:43 INFO  [PlannerService] - getPlans()
2025-08-04 09:39:00 INFO  [CalendarApplication] - Starting CalendarApplication using Java 21.0.7 with PID 1820 (D:\kmh\spring_boot\pjt_intellij\calendar\calendar\build\classes\java\main started by C200 in D:\kmh\spring_boot\pjt_intellij\calendar)
2025-08-04 09:39:00 INFO  [CalendarApplication] - No active profile set, falling back to 1 default profile: "default"
2025-08-04 09:39:07 INFO  [CalendarApplication] - Started CalendarApplication in 8.187 seconds (process running for 9.321)
2025-08-04 09:39:18 INFO  [HomeController] - INFO: home()
2025-08-04 09:39:24 INFO  [MemberDetailsService] - loadUserByUsername()
2025-08-04 09:39:24 INFO  [SecurityConfig] - signin successHandler()
2025-08-04 09:39:24 INFO  [MemberController] - signinResult()
2025-08-04 09:39:26 INFO  [PlannerController] - home()
2025-08-04 09:39:26 INFO  [PlannerController] - getPlans()
2025-08-04 09:39:26 INFO  [PlannerService] - getPlans()
2025-08-04 10:00:53 INFO  [CalendarApplication] - Starting CalendarApplication using Java 21.0.7 with PID 14080 (D:\kmh\spring_boot\pjt_intellij\calendar\calendar\build\classes\java\main started by C200 in D:\kmh\spring_boot\pjt_intellij\calendar)
2025-08-04 10:00:53 INFO  [CalendarApplication] - No active profile set, falling back to 1 default profile: "default"
2025-08-04 10:01:00 INFO  [CalendarApplication] - Started CalendarApplication in 7.831 seconds (process running for 8.908)
2025-08-04 10:01:02 INFO  [HomeController] - INFO: home()
2025-08-04 10:01:07 INFO  [MemberDetailsService] - loadUserByUsername()
2025-08-04 10:01:07 INFO  [SecurityConfig] - signin successHandler()
2025-08-04 10:01:07 INFO  [MemberController] - signinResult()
2025-08-04 10:01:09 INFO  [PlannerController] - home()
2025-08-04 10:01:09 INFO  [PlannerController] - getPlans()
2025-08-04 10:01:09 INFO  [PlannerService] - getPlans()
2025-08-04 10:01:16 INFO  [PlannerController] - getPlan()
2025-08-04 10:01:16 INFO  [PlannerService] - getPlan()
2025-08-04 10:02:28 INFO  [CalendarApplication] - Starting CalendarApplication using Java 21.0.7 with PID 14768 (D:\kmh\spring_boot\pjt_intellij\calendar\calendar\build\classes\java\main started by C200 in D:\kmh\spring_boot\pjt_intellij\calendar)
2025-08-04 10:02:28 INFO  [CalendarApplication] - No active profile set, falling back to 1 default profile: "default"
2025-08-04 10:02:35 INFO  [CalendarApplication] - Started CalendarApplication in 7.87 seconds (process running for 9.027)
2025-08-04 10:02:41 INFO  [HomeController] - INFO: home()
2025-08-04 10:02:46 INFO  [MemberDetailsService] - loadUserByUsername()
2025-08-04 10:02:47 INFO  [SecurityConfig] - signin successHandler()
2025-08-04 10:02:47 INFO  [MemberController] - signinResult()
2025-08-04 10:02:49 INFO  [PlannerController] - home()
2025-08-04 10:02:49 INFO  [PlannerController] - getPlans()
2025-08-04 10:02:49 INFO  [PlannerService] - getPlans()
2025-08-04 10:02:50 INFO  [PlannerController] - getPlan()
2025-08-04 10:02:50 INFO  [PlannerService] - getPlan()
2025-08-04 10:04:43 INFO  [CalendarApplication] - Starting CalendarApplication using Java 21.0.7 with PID 2744 (D:\kmh\spring_boot\pjt_intellij\calendar\calendar\build\classes\java\main started by C200 in D:\kmh\spring_boot\pjt_intellij\calendar)
2025-08-04 10:04:43 INFO  [CalendarApplication] - No active profile set, falling back to 1 default profile: "default"
2025-08-04 10:04:51 INFO  [CalendarApplication] - Started CalendarApplication in 9.075 seconds (process running for 10.351)
2025-08-04 10:05:04 INFO  [HomeController] - INFO: home()
2025-08-04 10:05:09 INFO  [MemberDetailsService] - loadUserByUsername()
2025-08-04 10:05:09 INFO  [SecurityConfig] - signin successHandler()
2025-08-04 10:05:09 INFO  [MemberController] - signinResult()
2025-08-04 10:05:11 INFO  [PlannerController] - home()
2025-08-04 10:05:11 INFO  [PlannerController] - getPlans()
2025-08-04 10:05:11 INFO  [PlannerService] - getPlans()
2025-08-04 10:05:12 INFO  [PlannerController] - getPlan()
2025-08-04 10:05:12 INFO  [PlannerService] - getPlan()
2025-08-04 10:09:44 INFO  [CalendarApplication] - Starting CalendarApplication using Java 21.0.7 with PID 14152 (D:\kmh\spring_boot\pjt_intellij\calendar\calendar\build\classes\java\main started by C200 in D:\kmh\spring_boot\pjt_intellij\calendar)
2025-08-04 10:09:44 INFO  [CalendarApplication] - No active profile set, falling back to 1 default profile: "default"
2025-08-04 10:09:50 INFO  [CalendarApplication] - Started CalendarApplication in 7.306 seconds (process running for 8.377)
2025-08-04 10:09:56 INFO  [HomeController] - INFO: home()
2025-08-04 10:10:01 INFO  [MemberDetailsService] - loadUserByUsername()
2025-08-04 10:10:01 INFO  [SecurityConfig] - signin successHandler()
2025-08-04 10:10:01 INFO  [MemberController] - signinResult()
2025-08-04 10:10:03 INFO  [PlannerController] - home()
2025-08-04 10:10:03 INFO  [PlannerController] - getPlans()
2025-08-04 10:10:03 INFO  [PlannerService] - getPlans()
2025-08-04 10:10:05 INFO  [PlannerController] - getPlan()
2025-08-04 10:10:05 INFO  [PlannerService] - getPlan()
